<?xml version="1.0" encoding="UTF-8"?>
<!-- Generated by org.testng.reporters.JUnitXMLReporter -->
<testsuite ignored="0" hostname="IBM-PF341VA9" failures="0" tests="8" name="Default test" time="11.941" errors="0" timestamp="2022-06-01T18:41:27 IST">
  <testcase classname="ibm.restassured.assignment.Assignment1" name="createUser" time="2.8"/>
  <testcase classname="ibm.restassured.assignment.Assignment1" name="createUser" time="1.146"/>
  <testcase classname="ibm.restassured.assignment.Assignment1" name="getUser" time="1.219"/>
  <testcase classname="ibm.restassured.assignment.Assignment1" name="modifyUser" time="1.244"/>
  <testcase classname="ibm.restassured.assignment.Assignment1" name="getModifiedUserDetails" time="1.277"/>
  <testcase classname="ibm.restassured.assignment.Assignment1" name="deleteUser" time="1.252"/>
  <testcase classname="ibm.restassured.assignment.Assignment1" name="login" time="1.233"/>
  <testcase classname="ibm.restassured.assignment.Assignment1" name="logout" time="1.225"/>
</testsuite> <!-- Default test -->
