<?xml version="1.0" encoding="UTF-8"?>
<testng-results ignored="0" total="8" passed="8" failed="0" skipped="0">
  <reporter-output>
  </reporter-output>
  <suite started-at="2022-06-01T18:41:15 IST" name="Default suite" finished-at="2022-06-01T18:41:27 IST" duration-ms="11941">
    <groups>
    </groups>
    <test started-at="2022-06-01T18:41:15 IST" name="Default test" finished-at="2022-06-01T18:41:27 IST" duration-ms="11941">
      <class name="ibm.restassured.assignment.Assignment1">
        <test-method signature="createUser(java.lang.String, java.lang.String, java.lang.String, java.lang.String, java.lang.String, java.lang.String, java.lang.String, java.lang.String, java.lang.String, org.testng.ITestContext)[pri:1, instance:ibm.restassured.assignment.Assignment1@6497b078]" started-at="2022-06-01T18:41:16 IST" name="createUser" data-provider="assignmenttestdata" finished-at="2022-06-01T18:41:18 IST" duration-ms="2800" status="PASS">
          <params>
            <param index="0">
              <value is-null="true"/>
            </param>
            <param index="1">
              <value is-null="true"/>
            </param>
            <param index="2">
              <value is-null="true"/>
            </param>
            <param index="3">
              <value is-null="true"/>
            </param>
            <param index="4">
              <value is-null="true"/>
            </param>
            <param index="5">
              <value is-null="true"/>
            </param>
            <param index="6">
              <value is-null="true"/>
            </param>
            <param index="7">
              <value is-null="true"/>
            </param>
            <param index="8">
              <value is-null="true"/>
            </param>
            <param index="9">
              <value>
                <![CDATA[org.testng.TestRunner@75f5fd58]]>
              </value>
            </param>
          </params>
          <reporter-output>
          </reporter-output>
        </test-method> <!-- createUser -->
        <test-method signature="createUser(java.lang.String, java.lang.String, java.lang.String, java.lang.String, java.lang.String, java.lang.String, java.lang.String, java.lang.String, java.lang.String, org.testng.ITestContext)[pri:1, instance:ibm.restassured.assignment.Assignment1@6497b078]" started-at="2022-06-01T18:41:18 IST" name="createUser" data-provider="assignmenttestdata" finished-at="2022-06-01T18:41:19 IST" duration-ms="1146" status="PASS">
          <params>
            <param index="0">
              <value>
                <![CDATA[1]]>
              </value>
            </param>
            <param index="1">
              <value>
                <![CDATA[kowss]]>
              </value>
            </param>
            <param index="2">
              <value>
                <![CDATA[kowsalya]]>
              </value>
            </param>
            <param index="3">
              <value>
                <![CDATA[prem]]>
              </value>
            </param>
            <param index="4">
              <value>
                <![CDATA[chennai]]>
              </value>
            </param>
            <param index="5">
              <value>
                <![CDATA[kows@gmail.com]]>
              </value>
            </param>
            <param index="6">
              <value>
                <![CDATA[XXXX]]>
              </value>
            </param>
            <param index="7">
              <value>
                <![CDATA[9876543210]]>
              </value>
            </param>
            <param index="8">
              <value>
                <![CDATA[0]]>
              </value>
            </param>
            <param index="9">
              <value>
                <![CDATA[org.testng.TestRunner@75f5fd58]]>
              </value>
            </param>
          </params>
          <reporter-output>
          </reporter-output>
        </test-method> <!-- createUser -->
        <test-method signature="getUser(org.testng.ITestContext)[pri:2, instance:ibm.restassured.assignment.Assignment1@6497b078]" started-at="2022-06-01T18:41:19 IST" name="getUser" finished-at="2022-06-01T18:41:21 IST" duration-ms="1219" status="PASS">
          <params>
            <param index="0">
              <value>
                <![CDATA[org.testng.TestRunner@75f5fd58]]>
              </value>
            </param>
          </params>
          <reporter-output>
          </reporter-output>
        </test-method> <!-- getUser -->
        <test-method signature="modifyUser()[pri:3, instance:ibm.restassured.assignment.Assignment1@6497b078]" started-at="2022-06-01T18:41:21 IST" name="modifyUser" finished-at="2022-06-01T18:41:22 IST" duration-ms="1244" status="PASS">
          <reporter-output>
          </reporter-output>
        </test-method> <!-- modifyUser -->
        <test-method signature="getModifiedUserDetails(org.testng.ITestContext)[pri:4, instance:ibm.restassured.assignment.Assignment1@6497b078]" started-at="2022-06-01T18:41:22 IST" name="getModifiedUserDetails" finished-at="2022-06-01T18:41:23 IST" duration-ms="1277" status="PASS">
          <params>
            <param index="0">
              <value>
                <![CDATA[org.testng.TestRunner@75f5fd58]]>
              </value>
            </param>
          </params>
          <reporter-output>
          </reporter-output>
        </test-method> <!-- getModifiedUserDetails -->
        <test-method signature="deleteUser(org.testng.ITestContext)[pri:5, instance:ibm.restassured.assignment.Assignment1@6497b078]" started-at="2022-06-01T18:41:23 IST" name="deleteUser" finished-at="2022-06-01T18:41:24 IST" duration-ms="1252" status="PASS">
          <params>
            <param index="0">
              <value>
                <![CDATA[org.testng.TestRunner@75f5fd58]]>
              </value>
            </param>
          </params>
          <reporter-output>
          </reporter-output>
        </test-method> <!-- deleteUser -->
        <test-method signature="login()[pri:6, instance:ibm.restassured.assignment.Assignment1@6497b078]" started-at="2022-06-01T18:41:24 IST" name="login" finished-at="2022-06-01T18:41:26 IST" duration-ms="1233" status="PASS">
          <reporter-output>
          </reporter-output>
        </test-method> <!-- login -->
        <test-method signature="logout()[pri:7, instance:ibm.restassured.assignment.Assignment1@6497b078]" started-at="2022-06-01T18:41:26 IST" name="logout" finished-at="2022-06-01T18:41:27 IST" duration-ms="1225" status="PASS">
          <reporter-output>
          </reporter-output>
        </test-method> <!-- logout -->
      </class> <!-- ibm.restassured.assignment.Assignment1 -->
    </test> <!-- Default test -->
  </suite> <!-- Default suite -->
</testng-results>
